<?xml version="1.0" encoding="UTF-8"?>
<testsuite name="com.integration.mediation.MediationApplicationTests" tests="1" skipped="0" failures="0" errors="0" timestamp="2020-03-25T16:55:07" hostname="BrianLavins-MBP" time="0.178">
  <properties/>
  <testcase name="contextLoads()" classname="com.integration.mediation.MediationApplicationTests" time="0.178"/>
  <system-out><![CDATA[16:55:06.181 [Test worker] DEBUG org.springframework.test.context.BootstrapUtils - Instantiating CacheAwareContextLoaderDelegate from class [org.springframework.test.context.cache.DefaultCacheAwareContextLoaderDelegate]
16:55:06.191 [Test worker] DEBUG org.springframework.test.context.BootstrapUtils - Instantiating BootstrapContext using constructor [public org.springframework.test.context.support.DefaultBootstrapContext(java.lang.Class,org.springframework.test.context.CacheAwareContextLoaderDelegate)]
16:55:06.214 [Test worker] DEBUG org.springframework.test.context.BootstrapUtils - Instantiating TestContextBootstrapper for test class [com.integration.mediation.MediationApplicationTests] from class [org.springframework.boot.test.context.SpringBootTestContextBootstrapper]
16:55:06.226 [Test worker] INFO org.springframework.boot.test.context.SpringBootTestContextBootstrapper - Neither @ContextConfiguration nor @ContextHierarchy found for test class [com.integration.mediation.MediationApplicationTests], using SpringBootContextLoader
16:55:06.230 [Test worker] DEBUG org.springframework.test.context.support.AbstractContextLoader - Did not detect default resource location for test class [com.integration.mediation.MediationApplicationTests]: class path resource [com/integration/mediation/MediationApplicationTests-context.xml] does not exist
16:55:06.230 [Test worker] DEBUG org.springframework.test.context.support.AbstractContextLoader - Did not detect default resource location for test class [com.integration.mediation.MediationApplicationTests]: class path resource [com/integration/mediation/MediationApplicationTestsContext.groovy] does not exist
16:55:06.230 [Test worker] INFO org.springframework.test.context.support.AbstractContextLoader - Could not detect default resource locations for test class [com.integration.mediation.MediationApplicationTests]: no resource found for suffixes {-context.xml, Context.groovy}.
16:55:06.231 [Test worker] INFO org.springframework.test.context.support.AnnotationConfigContextLoaderUtils - Could not detect default configuration classes for test class [com.integration.mediation.MediationApplicationTests]: MediationApplicationTests does not declare any static, non-private, non-final, nested classes annotated with @Configuration.
16:55:06.258 [Test worker] DEBUG org.springframework.test.context.support.ActiveProfilesUtils - Could not find an 'annotation declaring class' for annotation type [org.springframework.test.context.ActiveProfiles] and class [com.integration.mediation.MediationApplicationTests]
16:55:06.319 [Test worker] DEBUG org.springframework.context.annotation.ClassPathScanningCandidateComponentProvider - Identified candidate component class: file [/Users/blavin/Documents/gitpub/spring-mediation/build/classes/java/main/com/integration/mediation/MediationApplication.class]
16:55:06.320 [Test worker] INFO org.springframework.boot.test.context.SpringBootTestContextBootstrapper - Found @SpringBootConfiguration com.integration.mediation.MediationApplication for test class com.integration.mediation.MediationApplicationTests
16:55:06.391 [Test worker] DEBUG org.springframework.boot.test.context.SpringBootTestContextBootstrapper - @TestExecutionListeners is not present for class [com.integration.mediation.MediationApplicationTests]: using defaults.
16:55:06.392 [Test worker] INFO org.springframework.boot.test.context.SpringBootTestContextBootstrapper - Loaded default TestExecutionListener class names from location [META-INF/spring.factories]: [org.springframework.boot.test.autoconfigure.restdocs.RestDocsTestExecutionListener, org.springframework.boot.test.autoconfigure.web.client.MockRestServiceServerResetTestExecutionListener, org.springframework.boot.test.autoconfigure.web.servlet.MockMvcPrintOnlyOnFailureTestExecutionListener, org.springframework.boot.test.autoconfigure.web.servlet.WebDriverTestExecutionListener, org.springframework.boot.test.mock.mockito.MockitoTestExecutionListener, org.springframework.boot.test.mock.mockito.ResetMocksTestExecutionListener, org.springframework.test.context.web.ServletTestExecutionListener, org.springframework.test.context.support.DirtiesContextBeforeModesTestExecutionListener, org.springframework.test.context.support.DependencyInjectionTestExecutionListener, org.springframework.test.context.support.DirtiesContextTestExecutionListener, org.springframework.test.context.transaction.TransactionalTestExecutionListener, org.springframework.test.context.jdbc.SqlScriptsTestExecutionListener, org.springframework.test.context.event.EventPublishingTestExecutionListener]
16:55:06.399 [Test worker] DEBUG org.springframework.boot.test.context.SpringBootTestContextBootstrapper - Skipping candidate TestExecutionListener [org.springframework.test.context.transaction.TransactionalTestExecutionListener] due to a missing dependency. Specify custom listener classes or make the default listener classes and their required dependencies available. Offending class: [org/springframework/transaction/interceptor/TransactionAttributeSource]
16:55:06.400 [Test worker] DEBUG org.springframework.boot.test.context.SpringBootTestContextBootstrapper - Skipping candidate TestExecutionListener [org.springframework.test.context.jdbc.SqlScriptsTestExecutionListener] due to a missing dependency. Specify custom listener classes or make the default listener classes and their required dependencies available. Offending class: [org/springframework/transaction/interceptor/TransactionAttribute]
16:55:06.400 [Test worker] INFO org.springframework.boot.test.context.SpringBootTestContextBootstrapper - Using TestExecutionListeners: [org.springframework.test.context.web.ServletTestExecutionListener@239cc20e, org.springframework.test.context.support.DirtiesContextBeforeModesTestExecutionListener@3c0bf25d, org.springframework.boot.test.mock.mockito.MockitoTestExecutionListener@5acff09c, org.springframework.boot.test.autoconfigure.SpringBootDependencyInjectionTestExecutionListener@76215182, org.springframework.test.context.support.DirtiesContextTestExecutionListener@336871fa, org.springframework.test.context.event.EventPublishingTestExecutionListener@5092f4d0, org.springframework.boot.test.autoconfigure.restdocs.RestDocsTestExecutionListener@757ca54e, org.springframework.boot.test.autoconfigure.web.client.MockRestServiceServerResetTestExecutionListener@92d5722, org.springframework.boot.test.autoconfigure.web.servlet.MockMvcPrintOnlyOnFailureTestExecutionListener@79ba105c, org.springframework.boot.test.autoconfigure.web.servlet.WebDriverTestExecutionListener@3e495fcf, org.springframework.boot.test.mock.mockito.ResetMocksTestExecutionListener@2e0fcb9d]
16:55:06.403 [Test worker] DEBUG org.springframework.test.context.support.AbstractDirtiesContextTestExecutionListener - Before test class: context [DefaultTestContext@4fabf2b0 testClass = MediationApplicationTests, testInstance = [null], testMethod = [null], testException = [null], mergedContextConfiguration = [WebMergedContextConfiguration@5381bbd1 testClass = MediationApplicationTests, locations = '{}', classes = '{class com.integration.mediation.MediationApplication}', contextInitializerClasses = '[]', activeProfiles = '{}', propertySourceLocations = '{}', propertySourceProperties = '{org.springframework.boot.test.context.SpringBootTestContextBootstrapper=true}', contextCustomizers = set[org.springframework.boot.test.autoconfigure.properties.PropertyMappingContextCustomizer@0, org.springframework.boot.test.autoconfigure.web.servlet.WebDriverContextCustomizerFactory$Customizer@66099d91, org.springframework.boot.test.context.filter.ExcludeFilterContextCustomizer@3394d578, org.springframework.boot.test.json.DuplicateJsonObjectContextCustomizerFactory$DuplicateJsonObjectContextCustomizer@5a6fd1d0, org.springframework.boot.test.mock.mockito.MockitoContextCustomizer@0, org.springframework.boot.test.web.client.TestRestTemplateContextCustomizer@246cc542], resourceBasePath = 'src/main/webapp', contextLoader = 'org.springframework.boot.test.context.SpringBootContextLoader', parent = [null]], attributes = map['org.springframework.test.context.web.ServletTestExecutionListener.activateListener' -> true]], class annotated with @DirtiesContext [false] with mode [null].
16:55:06.425 [Test worker] DEBUG org.springframework.test.context.support.TestPropertySourceUtils - Adding inlined properties to environment: {spring.jmx.enabled=false, org.springframework.boot.test.context.SpringBootTestContextBootstrapper=true, server.port=-1}

  .   ____          _            __ _ _
 /\\ / ___'_ __ _ _(_)_ __  __ _ \ \ \ \
( ( )\___ | '_ | '_| | '_ \/ _` | \ \ \ \
 \\/  ___)| |_)| | | | | || (_| |  ) ) ) )
  '  |____| .__|_| |_|_| |_\__, | / / / /
 =========|_|==============|___/=/_/_/_/
 :: Spring Boot ::        (v2.2.5.RELEASE)

2020-03-25 16:55:06.612  INFO 96032 --- [    Test worker] c.i.mediation.MediationApplicationTests  : Starting MediationApplicationTests on BrianLavins-MBP with PID 96032 (started by blavin in /Users/blavin/Documents/gitpub/spring-mediation)
2020-03-25 16:55:06.613  INFO 96032 --- [    Test worker] c.i.mediation.MediationApplicationTests  : No active profile set, falling back to default profiles: default
2020-03-25 16:55:07.426  INFO 96032 --- [    Test worker] o.s.s.concurrent.ThreadPoolTaskExecutor  : Initializing ExecutorService 'applicationTaskExecutor'
2020-03-25 16:55:07.653  INFO 96032 --- [    Test worker] c.i.mediation.MediationApplicationTests  : Started MediationApplicationTests in 1.22 seconds (JVM running for 2.085)
]]></system-out>
  <system-err><![CDATA[]]></system-err>
</testsuite>
